<!DOCTYPE html>

<html>
  <head>
  <meta charset='utf-8'>
  <title>TestNG reports</title>

    <link type="text/css" href="testng-reports1.css" rel="stylesheet" id="ultra" />
    <link type="text/css" href="testng-reports.css" rel="stylesheet" id="retro" disabled="false"/>
    <script type="text/javascript" src="jquery-3.6.0.min.js"></script>
    <script type="text/javascript" src="testng-reports.js"></script>
    <script type="text/javascript" src="https://www.google.com/jsapi"></script>
    <script type='text/javascript'>
      google.load('visualization', '1', {packages:['table']});
      google.setOnLoadCallback(drawTable);
      var suiteTableInitFunctions = new Array();
      var suiteTableData = new Array();
    </script>
    <!--
      <script type="text/javascript" src="jquery-ui/js/jquery-ui-1.8.16.custom.min.js"></script>
     -->
  </head>

  <body>    <div class="top-banner-root">
      <span class="top-banner-title-font">Test results</span>
      <button id="button" class="button">Switch Retro Theme</button> <!-- button -->
      <br/>
      <span class="top-banner-font-1">1 suite, 5 failed tests</span>
    </div> <!-- top-banner-root -->
    <div class="navigator-root">
      <div class="navigator-suite-header">
        <span>All suites</span>
        <a href="#" title="Collapse/expand all the suites" class="collapse-all-link">
          <img src="collapseall.gif" class="collapse-all-icon">
          </img> <!-- collapse-all-icon -->
        </a> <!-- collapse-all-link -->
      </div> <!-- navigator-suite-header -->
      <div class="suite">
        <div class="rounded-window">
          <div class="suite-header light-rounded-window-top">
            <a href="#" panel-name="suite-Parallel_Test_Suite" class="navigator-link">
              <span class="suite-name border-failed">Parallel Test Suite</span>
            </a> <!-- navigator-link -->
          </div> <!-- suite-header light-rounded-window-top -->
          <div class="navigator-suite-content">
            <div class="suite-section-title">
              <span>Info</span>
            </div> <!-- suite-section-title -->
            <div class="suite-section-content">
              <ul>
                <li>
                  <a href="#" panel-name="test-xml-Parallel_Test_Suite" class="navigator-link ">
                    <span>C:\Users\aripiralaharish\eclipse-workspace\BankAPIDemo\suite.xml</span>
                  </a> <!-- navigator-link  -->
                </li>
                <li>
                  <a href="#" panel-name="testlist-Parallel_Test_Suite" class="navigator-link ">
                    <span class="test-stats">1 test</span>
                  </a> <!-- navigator-link  -->
                </li>
                <li>
                  <a href="#" panel-name="group-Parallel_Test_Suite" class="navigator-link ">
                    <span>3 groups</span>
                  </a> <!-- navigator-link  -->
                </li>
                <li>
                  <a href="#" panel-name="times-Parallel_Test_Suite" class="navigator-link ">
                    <span>Times</span>
                  </a> <!-- navigator-link  -->
                </li>
                <li>
                  <a href="#" panel-name="reporter-Parallel_Test_Suite" class="navigator-link ">
                    <span>Reporter output</span>
                  </a> <!-- navigator-link  -->
                </li>
                <li>
                  <a href="#" panel-name="ignored-methods-Parallel_Test_Suite" class="navigator-link ">
                    <span>Ignored methods</span>
                  </a> <!-- navigator-link  -->
                </li>
                <li>
                  <a href="#" panel-name="chronological-Parallel_Test_Suite" class="navigator-link ">
                    <span>Chronological view</span>
                  </a> <!-- navigator-link  -->
                </li>
              </ul>
            </div> <!-- suite-section-content -->
            <div class="result-section">
              <div class="suite-section-title">
                <span>Results</span>
              </div> <!-- suite-section-title -->
              <div class="suite-section-content">
                <ul>
                  <li>
                    <span class="method-stats">6 methods, 5 failed,   1 passed</span>
                  </li>
                  <li>
                    <span class="method-list-title failed">Failed methods</span>
                    <span class="show-or-hide-methods failed">
                      <a href="#" panel-name="suite-Parallel_Test_Suite" class="hide-methods failed suite-Parallel_Test_Suite"> (hide)</a> <!-- hide-methods failed suite-Parallel_Test_Suite -->
                      <a href="#" panel-name="suite-Parallel_Test_Suite" class="show-methods failed suite-Parallel_Test_Suite"> (show)</a> <!-- show-methods failed suite-Parallel_Test_Suite -->
                    </span>
                    <div class="method-list-content failed suite-Parallel_Test_Suite">
                      <span>
                        <img src="failed.png" width="3%"/>
                        <a href="#" panel-name="suite-Parallel_Test_Suite" title="com.api.tests.AccountCreationTest" class="method navigator-link" hash-for-method="accountCreationTestViaJsonPayload">accountCreationTestViaJsonPayload</a> <!-- method navigator-link -->
                      </span>
                      <br/>
                      <span>
                        <img src="failed.png" width="3%"/>
                        <a href="#" panel-name="suite-Parallel_Test_Suite" title="com.api.tests.AccountCreationTest" class="method navigator-link" hash-for-method="accountCreationTestViaJsonPayloadViaPaths">accountCreationTestViaJsonPayloadViaPaths</a> <!-- method navigator-link -->
                      </span>
                      <br/>
                      <span>
                        <img src="failed.png" width="3%"/>
                        <a href="#" panel-name="suite-Parallel_Test_Suite" title="com.api.tests.AccountCreationTest" class="method navigator-link" hash-for-method="accountCreationTestViaTestNGDataProvider(User{username=&#039;john_doe20252&#039;, password=&#039;securePass123&#039;, email=&#039;john20252@example.com&#039;, firstName=&#039;J...)">accountCreationTestViaTestNGDataProvider(User{username='john_doe20252', password='securePass123', email='john20252@example.com', firstName='J...)</a> <!-- method navigator-link -->
                      </span>
                      <br/>
                      <span>
                        <img src="failed.png" width="3%"/>
                        <a href="#" panel-name="suite-Parallel_Test_Suite" title="com.api.tests.AccountCreationTest" class="method navigator-link" hash-for-method="duplicateEmailTest">duplicateEmailTest</a> <!-- method navigator-link -->
                      </span>
                      <br/>
                      <span>
                        <img src="failed.png" width="3%"/>
                        <a href="#" panel-name="suite-Parallel_Test_Suite" title="com.api.tests.AccountCreationTest" class="method navigator-link" hash-for-method="validSignupTest">validSignupTest</a> <!-- method navigator-link -->
                      </span>
                      <br/>
                    </div> <!-- method-list-content failed suite-Parallel_Test_Suite -->
                  </li>
                  <li>
                    <span class="method-list-title passed">Passed methods</span>
                    <span class="show-or-hide-methods passed">
                      <a href="#" panel-name="suite-Parallel_Test_Suite" class="hide-methods passed suite-Parallel_Test_Suite"> (hide)</a> <!-- hide-methods passed suite-Parallel_Test_Suite -->
                      <a href="#" panel-name="suite-Parallel_Test_Suite" class="show-methods passed suite-Parallel_Test_Suite"> (show)</a> <!-- show-methods passed suite-Parallel_Test_Suite -->
                    </span>
                    <div class="method-list-content passed suite-Parallel_Test_Suite">
                      <span>
                        <img src="passed.png" width="3%"/>
                        <a href="#" panel-name="suite-Parallel_Test_Suite" title="com.api.tests.AccountCreationTest" class="method navigator-link" hash-for-method="accountCreationTest">accountCreationTest</a> <!-- method navigator-link -->
                      </span>
                      <br/>
                    </div> <!-- method-list-content passed suite-Parallel_Test_Suite -->
                  </li>
                </ul>
              </div> <!-- suite-section-content -->
            </div> <!-- result-section -->
          </div> <!-- navigator-suite-content -->
        </div> <!-- rounded-window -->
      </div> <!-- suite -->
    </div> <!-- navigator-root -->
    <div class="wrapper">
      <div class="main-panel-root">
        <div panel-name="suite-Parallel_Test_Suite" class="panel Parallel_Test_Suite">
          <div class="suite-Parallel_Test_Suite-class-failed">
            <div class="main-panel-header rounded-window-top">
              <img src="failed.png"/>
              <span class="class-name">com.api.tests.AccountCreationTest</span>
            </div> <!-- main-panel-header rounded-window-top -->
            <div class="main-panel-content rounded-window-bottom">
              <div class="method">
                <div class="method-content">
                  <a name="accountCreationTestViaJsonPayload">
                  </a> <!-- accountCreationTestViaJsonPayload -->
                  <span class="method-name">accountCreationTestViaJsonPayload</span>
                  <div class="stack-trace">java.lang.AssertionError: Status code is not matching expected [200] but found [400]
	at com.api.tests.AccountCreationTest.accountCreationTestViaJsonPayload(AccountCreationTest.java:47)
	at java.base/java.util.concurrent.Executors$RunnableAdapter.call(Executors.java:572)
	at java.base/java.util.concurrent.FutureTask.run(FutureTask.java:317)
	at java.base/java.util.concurrent.ThreadPoolExecutor.runWorker(ThreadPoolExecutor.java:1144)
	at java.base/java.util.concurrent.ThreadPoolExecutor$Worker.run(ThreadPoolExecutor.java:642)
	at java.base/java.lang.Thread.run(Thread.java:1575)
... Removed 17 stack frames
</div> <!-- stack-trace -->
                  <em>
(Create account using JSON payload)                  </em>
                </div> <!-- method-content -->
              </div> <!-- method -->
              <div class="method">
                <div class="method-content">
                  <a name="accountCreationTestViaJsonPayloadViaPaths">
                  </a> <!-- accountCreationTestViaJsonPayloadViaPaths -->
                  <span class="method-name">accountCreationTestViaJsonPayloadViaPaths</span>
                  <div class="stack-trace">java.lang.AssertionError: Status code is not matching expected [200] but found [400]
	at com.api.tests.AccountCreationTest.accountCreationTestViaJsonPayloadViaPaths(AccountCreationTest.java:76)
	at java.base/java.util.concurrent.Executors$RunnableAdapter.call(Executors.java:572)
	at java.base/java.util.concurrent.FutureTask.run(FutureTask.java:317)
	at java.base/java.util.concurrent.ThreadPoolExecutor.runWorker(ThreadPoolExecutor.java:1144)
	at java.base/java.util.concurrent.ThreadPoolExecutor$Worker.run(ThreadPoolExecutor.java:642)
	at java.base/java.lang.Thread.run(Thread.java:1575)
... Removed 17 stack frames
</div> <!-- stack-trace -->
                  <em>
(Create account using JSON payload)                  </em>
                </div> <!-- method-content -->
              </div> <!-- method -->
              <div class="method">
                <div class="method-content">
                  <a name="accountCreationTestViaTestNGDataProvider(User{username=&#039;john_doe20252&#039;, password=&#039;securePass123&#039;, email=&#039;john20252@example.com&#039;, firstName=&#039;J...)">
                  </a> <!-- accountCreationTestViaTestNGDataProvider(User{username='john_doe20252', password='securePass123', email='john20252@example.com', firstName='J...) -->
                  <span class="method-name">accountCreationTestViaTestNGDataProvider</span>
                  <span class="parameters">(User{username='john_doe20252', password='securePass123', email='john20252@example.com', firstName='John', lastName='Doe', mobileNumber='9876543210'})</span>
                  <div class="stack-trace">java.lang.AssertionError: expected [200] but found [400]
	at com.api.tests.AccountCreationTest.accountCreationTestViaTestNGDataProvider(AccountCreationTest.java:63)
	at java.base/java.util.concurrent.Executors$RunnableAdapter.call(Executors.java:572)
	at java.base/java.util.concurrent.FutureTask.run(FutureTask.java:317)
	at java.base/java.util.concurrent.ThreadPoolExecutor.runWorker(ThreadPoolExecutor.java:1144)
	at java.base/java.util.concurrent.ThreadPoolExecutor$Worker.run(ThreadPoolExecutor.java:642)
	at java.base/java.lang.Thread.run(Thread.java:1575)
... Removed 18 stack frames
</div> <!-- stack-trace -->
                </div> <!-- method-content -->
              </div> <!-- method -->
              <div class="method">
                <div class="method-content">
                  <a name="duplicateEmailTest">
                  </a> <!-- duplicateEmailTest -->
                  <span class="method-name">duplicateEmailTest</span>
                  <div class="stack-trace">java.lang.AssertionError: expected [409] but found [400]
	at com.api.tests.AccountCreationTest.duplicateEmailTest(AccountCreationTest.java:90)
	at java.base/java.util.concurrent.Executors$RunnableAdapter.call(Executors.java:572)
	at java.base/java.util.concurrent.FutureTask.run(FutureTask.java:317)
	at java.base/java.util.concurrent.ThreadPoolExecutor.runWorker(ThreadPoolExecutor.java:1144)
	at java.base/java.util.concurrent.ThreadPoolExecutor$Worker.run(ThreadPoolExecutor.java:642)
	at java.base/java.lang.Thread.run(Thread.java:1575)
... Removed 18 stack frames
</div> <!-- stack-trace -->
                  <em>
(Duplicate email test)                  </em>
                </div> <!-- method-content -->
              </div> <!-- method -->
              <div class="method">
                <div class="method-content">
                  <a name="validSignupTest">
                  </a> <!-- validSignupTest -->
                  <span class="method-name">validSignupTest</span>
                  <div class="stack-trace">java.lang.AssertionError: expected [200] but found [400]
	at com.api.tests.AccountCreationTest.validSignupTest(AccountCreationTest.java:83)
	at java.base/java.util.concurrent.Executors$RunnableAdapter.call(Executors.java:572)
	at java.base/java.util.concurrent.FutureTask.run(FutureTask.java:317)
	at java.base/java.util.concurrent.ThreadPoolExecutor.runWorker(ThreadPoolExecutor.java:1144)
	at java.base/java.util.concurrent.ThreadPoolExecutor$Worker.run(ThreadPoolExecutor.java:642)
	at java.base/java.lang.Thread.run(Thread.java:1575)
... Removed 18 stack frames
</div> <!-- stack-trace -->
                  <em>
(Valid signup test -- json has multiple data)                  </em>
                </div> <!-- method-content -->
              </div> <!-- method -->
            </div> <!-- main-panel-content rounded-window-bottom -->
          </div> <!-- suite-Parallel_Test_Suite-class-failed -->
          <div class="suite-Parallel_Test_Suite-class-passed">
            <div class="main-panel-header rounded-window-top">
              <img src="passed.png"/>
              <span class="class-name">com.api.tests.AccountCreationTest</span>
            </div> <!-- main-panel-header rounded-window-top -->
            <div class="main-panel-content rounded-window-bottom">
              <div class="method">
                <div class="method-content">
                  <a name="accountCreationTest">
                  </a> <!-- accountCreationTest -->
                  <span class="method-name">accountCreationTest</span>
                  <em>
(Creat account ..)                  </em>
                </div> <!-- method-content -->
              </div> <!-- method -->
            </div> <!-- main-panel-content rounded-window-bottom -->
          </div> <!-- suite-Parallel_Test_Suite-class-passed -->
        </div> <!-- panel Parallel_Test_Suite -->
        <div panel-name="test-xml-Parallel_Test_Suite" class="panel">
          <div class="main-panel-header rounded-window-top">
            <span class="header-content">C:\Users\aripiralaharish\eclipse-workspace\BankAPIDemo\suite.xml</span>
          </div> <!-- main-panel-header rounded-window-top -->
          <div class="main-panel-content rounded-window-bottom">
            <pre>
&lt;?xml version=&quot;1.0&quot; encoding=&quot;UTF-8&quot;?&gt;
&lt;!DOCTYPE suite SYSTEM &quot;https://testng.org/testng-1.0.dtd&quot;&gt;
&lt;suite thread-count=&quot;3&quot; parallel=&quot;methods&quot; name=&quot;Parallel Test Suite&quot; guice-stage=&quot;DEVELOPMENT&quot;&gt;
  &lt;listeners&gt;
    &lt;listener class-name=&quot;com.api.listeners.TestListeners&quot;/&gt;
  &lt;/listeners&gt;
  &lt;test thread-count=&quot;3&quot; parallel=&quot;methods&quot; name=&quot;API Tests&quot;&gt;
    &lt;classes&gt;
      &lt;class name=&quot;com.api.tests.AccountCreationTest&quot;/&gt;
    &lt;/classes&gt;
  &lt;/test&gt; &lt;!-- API Tests --&gt;
&lt;/suite&gt; &lt;!-- Parallel Test Suite --&gt;
            </pre>
          </div> <!-- main-panel-content rounded-window-bottom -->
        </div> <!-- panel -->
        <div panel-name="testlist-Parallel_Test_Suite" class="panel">
          <div class="main-panel-header rounded-window-top">
            <span class="header-content">Tests for Parallel Test Suite</span>
          </div> <!-- main-panel-header rounded-window-top -->
          <div class="main-panel-content rounded-window-bottom">
            <ul>
              <li>
                <span class="test-name">API Tests (1 class)</span>
              </li>
            </ul>
          </div> <!-- main-panel-content rounded-window-bottom -->
        </div> <!-- panel -->
        <div panel-name="group-Parallel_Test_Suite" class="panel">
          <div class="main-panel-header rounded-window-top">
            <span class="header-content">Groups for Parallel Test Suite</span>
          </div> <!-- main-panel-header rounded-window-top -->
          <div class="main-panel-content rounded-window-bottom">
            <div class="test-group">
              <span class="test-group-name">regression</span>
              <br/>
              <div class="method-in-group">
                <span class="method-in-group-name">accountCreationTest</span>
                <br/>
              </div> <!-- method-in-group -->
            </div> <!-- test-group -->
            <div class="test-group">
              <span class="test-group-name">sanity</span>
              <br/>
              <div class="method-in-group">
                <span class="method-in-group-name">accountCreationTest</span>
                <br/>
              </div> <!-- method-in-group -->
            </div> <!-- test-group -->
            <div class="test-group">
              <span class="test-group-name">smoke</span>
              <br/>
              <div class="method-in-group">
                <span class="method-in-group-name">accountCreationTest</span>
                <br/>
              </div> <!-- method-in-group -->
            </div> <!-- test-group -->
          </div> <!-- main-panel-content rounded-window-bottom -->
        </div> <!-- panel -->
        <div panel-name="times-Parallel_Test_Suite" class="panel">
          <div class="main-panel-header rounded-window-top">
            <span class="header-content">Times for Parallel Test Suite</span>
          </div> <!-- main-panel-header rounded-window-top -->
          <div class="main-panel-content rounded-window-bottom">
            <div class="times-div">
              <script type="text/javascript">
suiteTableInitFunctions.push('tableData_Parallel_Test_Suite');
function tableData_Parallel_Test_Suite() {
var data = new google.visualization.DataTable();
data.addColumn('number', 'Number');
data.addColumn('string', 'Method');
data.addColumn('string', 'Class');
data.addColumn('number', 'Time (ms)');
data.addRows(6);
data.setCell(0, 0, 0)
data.setCell(0, 1, 'accountCreationTest')
data.setCell(0, 2, 'com.api.tests.AccountCreationTest')
data.setCell(0, 3, 2602);
data.setCell(1, 0, 1)
data.setCell(1, 1, 'accountCreationTestViaJsonPayloadViaPaths')
data.setCell(1, 2, 'com.api.tests.AccountCreationTest')
data.setCell(1, 3, 2412);
data.setCell(2, 0, 2)
data.setCell(2, 1, 'accountCreationTestViaJsonPayload')
data.setCell(2, 2, 'com.api.tests.AccountCreationTest')
data.setCell(2, 3, 2410);
data.setCell(3, 0, 3)
data.setCell(3, 1, 'duplicateEmailTest')
data.setCell(3, 2, 'com.api.tests.AccountCreationTest')
data.setCell(3, 3, 223);
data.setCell(4, 0, 4)
data.setCell(4, 1, 'accountCreationTestViaTestNGDataProvider')
data.setCell(4, 2, 'com.api.tests.AccountCreationTest')
data.setCell(4, 3, 122);
data.setCell(5, 0, 5)
data.setCell(5, 1, 'validSignupTest')
data.setCell(5, 2, 'com.api.tests.AccountCreationTest')
data.setCell(5, 3, 81);
window.suiteTableData['Parallel_Test_Suite']= { tableData: data, tableDiv: 'times-div-Parallel_Test_Suite'}
return data;
}
              </script>
              <span class="suite-total-time">Total running time: 7 seconds</span>
              <div id="times-div-Parallel_Test_Suite">
              </div> <!-- times-div-Parallel_Test_Suite -->
            </div> <!-- times-div -->
          </div> <!-- main-panel-content rounded-window-bottom -->
        </div> <!-- panel -->
        <div panel-name="reporter-Parallel_Test_Suite" class="panel">
          <div class="main-panel-header rounded-window-top">
            <span class="header-content">Reporter output for Parallel Test Suite</span>
          </div> <!-- main-panel-header rounded-window-top -->
          <div class="main-panel-content rounded-window-bottom">
          </div> <!-- main-panel-content rounded-window-bottom -->
        </div> <!-- panel -->
        <div panel-name="ignored-methods-Parallel_Test_Suite" class="panel">
          <div class="main-panel-header rounded-window-top">
            <span class="header-content">0 ignored methods</span>
          </div> <!-- main-panel-header rounded-window-top -->
          <div class="main-panel-content rounded-window-bottom">
          </div> <!-- main-panel-content rounded-window-bottom -->
        </div> <!-- panel -->
        <div panel-name="chronological-Parallel_Test_Suite" class="panel">
          <div class="main-panel-header rounded-window-top">
            <span class="header-content">Methods in chronological order</span>
          </div> <!-- main-panel-header rounded-window-top -->
          <div class="main-panel-content rounded-window-bottom">
            <div class="chronological-class">
              <div class="chronological-class-name">com.api.tests.AccountCreationTest</div> <!-- chronological-class-name -->
              <div class="test-method">
                <img src="failed.png">
                </img>
                <span class="method-name">accountCreationTestViaJsonPayloadViaPaths</span>
                <span class="method-start">0 ms</span>
              </div> <!-- test-method -->
              <div class="test-method">
                <img src="failed.png">
                </img>
                <span class="method-name">accountCreationTestViaJsonPayload</span>
                <span class="method-start">2 ms</span>
              </div> <!-- test-method -->
              <div class="test-method">
                <span class="method-name">accountCreationTest</span>
                <span class="method-start">3 ms</span>
              </div> <!-- test-method -->
              <div class="test-method">
                <img src="failed.png">
                </img>
                <span class="method-name">duplicateEmailTest</span>
                <span class="method-start">2442 ms</span>
              </div> <!-- test-method -->
              <div class="test-method">
                <img src="failed.png">
                </img>
                <span class="method-name">accountCreationTestViaTestNGDataProvider(User{username='john_doe20252', password='securePass123', email='john20252@example.com', firstName='J...)</span>
                <span class="method-start">2448 ms</span>
              </div> <!-- test-method -->
              <div class="test-method">
                <img src="failed.png">
                </img>
                <span class="method-name">validSignupTest</span>
                <span class="method-start">2575 ms</span>
              </div> <!-- test-method -->
          </div> <!-- main-panel-content rounded-window-bottom -->
        </div> <!-- panel -->
      </div> <!-- main-panel-root -->
    </div> <!-- wrapper -->
  </body>
<script type="text/javascript" src="testng-reports2.js"></script>
</html>
